2018-09-25 11:05:55,439 [1] ERROR - Object reference not set to an instance of an object.
2018-09-25 11:06:32,440 [5] DEBUG - Start Processing data from table TPSTSalVatHD
2018-09-25 11:06:32,772 [5] DEBUG - Add Header with BELNR : 17KA0000201572RF0000000001
2018-09-25 11:06:32,907 [5] DEBUG - Update StaSend of SalVatHD with FTXihDocNo : RF0000000001
2018-09-25 11:06:33,279 [5] DEBUG - Send Request to : http://localhost:8080/Test
<<<======JsonREQ======>>>
{"SalesOrder":{"Header":{"ACTION":"CREATE","TRANSTYPE":"ZCDO","DLVRY_DATE":"20180801","TENDER":[{"TENDER_TYPE":"T001","AMOUNT":"2000.00","BONUSBUYID":""}],"NAME1":"?????? ??.????.??.???????? ?????","NAME2":"","NAME3":"","NAME4":"","STREET":"","CITY":"","POSTAL_CODE":"","LAND":"TH","TEL":"","FAX":"","DISTRICT":"","BELNR":"17KA0000201572RF0000000001","REF_BELNR":"","TEXT":[{"TDID":"ZADR","TDBODY":[]},{"TDID":"ZDLT","TDBODY":[{"TDLINE":""}]},{"TDID":"ZREM","TDBODY":[{"TDLINE":""},{"TDLINE":""}]},{"TDID":"ZMAP","TDBODY":[{"TDLINE":"Map00001.pdf"}]}],"Item":[{"POSEX":"10","QUANTITY":"1.00","UOM":"EA","SERIALNUMBER":"0982326568","SHIPPING_POINT":"","SELLING_PLANT":"17KA","PRICING":[{"TYPE":"RETAILPRICE","AMOUNT":"2000.00","CURRENCY":"THB","SIGN":"+","BONUSBUYID":""},{"TYPE":"VAT","AMOUNT":"130.84","CURRENCY":"THB","SIGN":"+","BONUSBUYID":""}],"EANCODE":"011002"}]}}}
<<<======EndJsonREQ======>>>
2018-09-25 11:06:35,556 [5] ERROR - Unable to connect to the remote server
2018-09-25 11:06:35,691 [5] DEBUG - Start Processing data from table TPSTSalVatHD
2018-09-25 11:06:35,789 [5] DEBUG - Add Header with BELNR : 17KA0000201572RF0000000001
2018-09-25 11:06:35,850 [5] DEBUG - Update StaSend of SalVatHD with FTXihDocNo : RF0000000001
2018-09-25 11:06:35,852 [5] DEBUG - Send Request to : http://localhost:8080/Test
<<<======JsonREQ======>>>
{"SalesOrder":{"Header":{"ACTION":"CREATE","TRANSTYPE":"ZCDO","DLVRY_DATE":"20180801","TENDER":[{"TENDER_TYPE":"T001","AMOUNT":"2000.00","BONUSBUYID":""}],"NAME1":"?????? ??.????.??.???????? ?????","NAME2":"","NAME3":"","NAME4":"","STREET":"","CITY":"","POSTAL_CODE":"","LAND":"TH","TEL":"","FAX":"","DISTRICT":"","BELNR":"17KA0000201572RF0000000001","REF_BELNR":"","TEXT":[{"TDID":"ZADR","TDBODY":[]},{"TDID":"ZDLT","TDBODY":[{"TDLINE":""}]},{"TDID":"ZREM","TDBODY":[{"TDLINE":""},{"TDLINE":""}]},{"TDID":"ZMAP","TDBODY":[{"TDLINE":"Map00001.pdf"}]}],"Item":[{"POSEX":"10","QUANTITY":"1.00","UOM":"EA","SERIALNUMBER":"0982326568","SHIPPING_POINT":"","SELLING_PLANT":"17KA","PRICING":[{"TYPE":"RETAILPRICE","AMOUNT":"2000.00","CURRENCY":"THB","SIGN":"+","BONUSBUYID":""},{"TYPE":"VAT","AMOUNT":"130.84","CURRENCY":"THB","SIGN":"+","BONUSBUYID":""}],"EANCODE":"011002"}]}}}
<<<======EndJsonREQ======>>>
2018-09-25 11:06:37,894 [5] ERROR - Unable to connect to the remote server
2018-09-25 11:06:37,971 [5] DEBUG - Add Header with BELNR : 17KA0000201573RF0000000002
2018-09-25 11:06:37,976 [5] DEBUG - Update StaSend of SalVatHD with FTXihDocNo : RF0000000002
2018-09-25 11:06:37,978 [5] DEBUG - Send Request to : http://localhost:8080/Test
<<<======JsonREQ======>>>
{"SalesOrder":{"Header":{"ACTION":"CREATE","TRANSTYPE":"ZCDO","DLVRY_DATE":"20180801","TENDER":[{"TENDER_TYPE":"T001","AMOUNT":"500.00","BONUSBUYID":""}],"NAME1":"?????? ???????????????? ?????","NAME2":"","NAME3":"","NAME4":"","STREET":"","CITY":"","POSTAL_CODE":"","LAND":"TH","TEL":"","FAX":"","DISTRICT":"","BELNR":"17KA0000201573RF0000000002","REF_BELNR":"","TEXT":[{"TDID":"ZADR","TDBODY":[]},{"TDID":"ZDLT","TDBODY":[{"TDLINE":""}]},{"TDID":"ZREM","TDBODY":[{"TDLINE":""},{"TDLINE":""}]},{"TDID":"ZMAP","TDBODY":[{"TDLINE":"Map00002.pdf"}]}],"Item":[{"POSEX":"10","QUANTITY":"1.00","UOM":"EA","SERIALNUMBER":"0982315488","SHIPPING_POINT":"","SELLING_PLANT":"17KA","PRICING":[{"TYPE":"RETAILPRICE","AMOUNT":"2000.00","CURRENCY":"THB","SIGN":"+","BONUSBUYID":""},{"TYPE":"VAT","AMOUNT":"32.71","CURRENCY":"THB","SIGN":"+","BONUSBUYID":""}],"EANCODE":"011008"}]}}}
<<<======EndJsonREQ======>>>
2018-09-25 11:06:40,014 [5] ERROR - Unable to connect to the remote server
2018-09-25 11:06:40,066 [5] DEBUG - Add Header with BELNR : 17KA0000201590RF0000000003
2018-09-25 11:06:40,069 [5] DEBUG - Update StaSend of SalVatHD with FTXihDocNo : RF0000000003
2018-09-25 11:06:40,071 [5] DEBUG - Send Request to : http://localhost:8080/Test
<<<======JsonREQ======>>>
{"SalesOrder":{"Header":{"ACTION":"CREATE","TRANSTYPE":"ZCDO","DLVRY_DATE":"20180802","TENDER":[{"TENDER_TYPE":"T001","AMOUNT":"2000.00","BONUSBUYID":""}],"NAME1":"?????? ??.????.??.???????? ?????","NAME2":"","NAME3":"","NAME4":"","STREET":"","CITY":"","POSTAL_CODE":"","LAND":"TH","TEL":"","FAX":"","DISTRICT":"","BELNR":"17KA0000201590RF0000000003","REF_BELNR":"","TEXT":[{"TDID":"ZADR","TDBODY":[]},{"TDID":"ZDLT","TDBODY":[{"TDLINE":""}]},{"TDID":"ZREM","TDBODY":[{"TDLINE":""},{"TDLINE":""}]},{"TDID":"ZMAP","TDBODY":[{"TDLINE":"Map00003.pdf"}]}],"Item":[{"POSEX":"10","QUANTITY":"1.00","UOM":"EA","SERIALNUMBER":"0982389198","SHIPPING_POINT":"","SELLING_PLANT":"17KA","PRICING":[{"TYPE":"RETAILPRICE","AMOUNT":"2000.00","CURRENCY":"THB","SIGN":"+","BONUSBUYID":""},{"TYPE":"VAT","AMOUNT":"130.84","CURRENCY":"THB","SIGN":"+","BONUSBUYID":""}],"EANCODE":"011002"},{"POSEX":"20","QUANTITY":"1.00","UOM":"EA","SERIALNUMBER":"0982165133","SHIPPING_POINT":"","SELLING_PLANT":"17KA","PRICING":[{"TYPE":"RETAILPRICE","AMOUNT":"200.00","CURRENCY":"THB","SIGN":"+","BONUSBUYID":""},{"TYPE":"VAT","AMOUNT":"130.84","CURRENCY":"THB","SIGN":"+","BONUSBUYID":""}],"EANCODE":"011003"}]}}}
<<<======EndJsonREQ======>>>
2018-09-25 11:06:42,111 [5] ERROR - Unable to connect to the remote server
2018-09-25 11:06:42,125 [5] DEBUG - Add Header with BELNR : 17KA0000201591RF0000000004
2018-09-25 11:06:42,181 [5] DEBUG - Update StaSend of SalVatHD with FTXihDocNo : RF0000000004
2018-09-25 11:06:42,183 [5] DEBUG - Send Request to : http://localhost:8080/Test
<<<======JsonREQ======>>>
{"SalesOrder":{"Header":{"ACTION":"CREATE","TRANSTYPE":"ZCDO","DLVRY_DATE":"20180802","TENDER":[{"TENDER_TYPE":"T001","AMOUNT":"1000.00","BONUSBUYID":""}],"NAME1":"?????? ???????????????? ?????","NAME2":"","NAME3":"","NAME4":"","STREET":"","CITY":"","POSTAL_CODE":"","LAND":"TH","TEL":"","FAX":"","DISTRICT":"","BELNR":"17KA0000201591RF0000000004","REF_BELNR":"","TEXT":[{"TDID":"ZADR","TDBODY":[]},{"TDID":"ZDLT","TDBODY":[{"TDLINE":""}]},{"TDID":"ZREM","TDBODY":[{"TDLINE":""},{"TDLINE":""}]},{"TDID":"ZMAP","TDBODY":[{"TDLINE":"Map00004.pdf"}]}],"Item":[{"POSEX":"10","QUANTITY":"1.00","UOM":"EA","SERIALNUMBER":"0982165423","SHIPPING_POINT":"","SELLING_PLANT":"17KA","PRICING":[{"TYPE":"RETAILPRICE","AMOUNT":"2000.00","CURRENCY":"THB","SIGN":"+","BONUSBUYID":""},{"TYPE":"VAT","AMOUNT":"65.42","CURRENCY":"THB","SIGN":"+","BONUSBUYID":""}],"EANCODE":"011003"}]}}}
<<<======EndJsonREQ======>>>
2018-09-25 11:06:44,222 [5] ERROR - Unable to connect to the remote server
2018-09-25 11:06:44,233 [5] DEBUG - Add Header with BELNR : 17KA0000201593RF0000000005
2018-09-25 11:06:44,238 [5] DEBUG - Update StaSend of SalVatHD with FTXihDocNo : RF0000000005
2018-09-25 11:06:44,240 [5] DEBUG - Send Request to : http://localhost:8080/Test
<<<======JsonREQ======>>>
{"SalesOrder":{"Header":{"ACTION":"CREATE","TRANSTYPE":"ZCDO","DLVRY_DATE":"20180802","TENDER":[{"TENDER_TYPE":"T001","AMOUNT":"2000.00","BONUSBUYID":""}],"NAME1":"?????? ?????????????? ???? ?????","NAME2":"","NAME3":"","NAME4":"","STREET":"","CITY":"","POSTAL_CODE":"","LAND":"TH","TEL":"","FAX":"","DISTRICT":"","BELNR":"17KA0000201593RF0000000005","REF_BELNR":"","TEXT":[{"TDID":"ZADR","TDBODY":[]},{"TDID":"ZDLT","TDBODY":[{"TDLINE":""}]},{"TDID":"ZREM","TDBODY":[{"TDLINE":""},{"TDLINE":""}]},{"TDID":"ZMAP","TDBODY":[{"TDLINE":"Map00005.pdf"}]}],"Item":[{"POSEX":"10","QUANTITY":"1.00","UOM":"EA","SERIALNUMBER":"0981651568","SHIPPING_POINT":"","SELLING_PLANT":"17KA","PRICING":[{"TYPE":"RETAILPRICE","AMOUNT":"2000.00","CURRENCY":"THB","SIGN":"+","BONUSBUYID":""},{"TYPE":"VAT","AMOUNT":"130.84","CURRENCY":"THB","SIGN":"+","BONUSBUYID":""}],"EANCODE":"011008"},{"POSEX":"20","QUANTITY":"1.00","UOM":"EA","SERIALNUMBER":"0982554884","SHIPPING_POINT":"","SELLING_PLANT":"17KA","PRICING":[{"TYPE":"RETAILPRICE","AMOUNT":"2000.00","CURRENCY":"THB","SIGN":"+","BONUSBUYID":""},{"TYPE":"VAT","AMOUNT":"130.84","CURRENCY":"THB","SIGN":"+","BONUSBUYID":""}],"EANCODE":"011003"}]}}}
<<<======EndJsonREQ======>>>
2018-09-25 11:06:46,280 [5] ERROR - Unable to connect to the remote server
2018-09-25 11:06:46,291 [5] DEBUG - Add Header with BELNR : 17KA0000201594RF0000000006
2018-09-25 11:06:46,294 [5] DEBUG - Update StaSend of SalVatHD with FTXihDocNo : RF0000000006
2018-09-25 11:06:46,298 [5] DEBUG - Send Request to : http://localhost:8080/Test
<<<======JsonREQ======>>>
{"SalesOrder":{"Header":{"ACTION":"CREATE","TRANSTYPE":"ZCDO","DLVRY_DATE":"20180802","TENDER":[{"TENDER_TYPE":"T001","AMOUNT":"4000.00","BONUSBUYID":""}],"NAME1":"?????? ?????????????? ?????","NAME2":"","NAME3":"","NAME4":"","STREET":"","CITY":"","POSTAL_CODE":"","LAND":"TH","TEL":"","FAX":"","DISTRICT":"","BELNR":"17KA0000201594RF0000000006","REF_BELNR":"","TEXT":[{"TDID":"ZADR","TDBODY":[]},{"TDID":"ZDLT","TDBODY":[{"TDLINE":""}]},{"TDID":"ZREM","TDBODY":[{"TDLINE":""},{"TDLINE":""}]},{"TDID":"ZMAP","TDBODY":[{"TDLINE":"Map00006.pdf"}]}],"Item":[{"POSEX":"10","QUANTITY":"1.00","UOM":"EA","SERIALNUMBER":"0982165133","SHIPPING_POINT":"","SELLING_PLANT":"17KA","PRICING":[{"TYPE":"RETAILPRICE","AMOUNT":"2000.00","CURRENCY":"THB","SIGN":"+","BONUSBUYID":""},{"TYPE":"VAT","AMOUNT":"258.41","CURRENCY":"THB","SIGN":"+","BONUSBUYID":""}],"EANCODE":"011008"},{"POSEX":"20","QUANTITY":"1.00","UOM":"EA","SERIALNUMBER":"0982165133","SHIPPING_POINT":"","SELLING_PLANT":"17KA","PRICING":[{"TYPE":"RETAILPRICE","AMOUNT":"2500.00","CURRENCY":"THB","SIGN":"+","BONUSBUYID":""},{"TYPE":"VAT","AMOUNT":"261.68","CURRENCY":"THB","SIGN":"+","BONUSBUYID":""}],"EANCODE":"011002"}]}}}
<<<======EndJsonREQ======>>>
2018-09-25 11:06:48,336 [5] ERROR - Unable to connect to the remote server
2018-09-25 11:06:48,403 [5] DEBUG - Add Header with BELNR : 17KA0000201595RF0000000007
2018-09-25 11:06:48,414 [5] DEBUG - Update StaSend of SalVatHD with FTXihDocNo : RF0000000007
2018-09-25 11:06:48,416 [5] DEBUG - Send Request to : http://localhost:8080/Test
<<<======JsonREQ======>>>
{"SalesOrder":{"Header":{"ACTION":"CREATE","TRANSTYPE":"ZCDO","DLVRY_DATE":"20180802","TENDER":[{"TENDER_TYPE":"T008","AMOUNT":"6000.00","BONUSBUYID":""}],"NAME1":"?????? ???????????? ?????","NAME2":"","NAME3":"","NAME4":"","STREET":"","CITY":"","POSTAL_CODE":"","LAND":"TH","TEL":"","FAX":"","DISTRICT":"","BELNR":"17KA0000201595RF0000000007","REF_BELNR":"","TEXT":[{"TDID":"ZADR","TDBODY":[]},{"TDID":"ZDLT","TDBODY":[{"TDLINE":""}]},{"TDID":"ZREM","TDBODY":[{"TDLINE":""},{"TDLINE":""}]},{"TDID":"ZMAP","TDBODY":[{"TDLINE":"Map00007.pdf"}]}],"Item":[{"POSEX":"10","QUANTITY":"1.00","UOM":"EA","SERIALNUMBER":"0982167233","SHIPPING_POINT":"","SELLING_PLANT":"17KA","PRICING":[{"TYPE":"RETAILPRICE","AMOUNT":"2000.00","CURRENCY":"THB","SIGN":"+","BONUSBUYID":""},{"TYPE":"VAT","AMOUNT":"392.52","CURRENCY":"THB","SIGN":"+","BONUSBUYID":""}],"EANCODE":"011003"},{"POSEX":"20","QUANTITY":"1.00","UOM":"EA","SERIALNUMBER":"0985467453","SHIPPING_POINT":"","SELLING_PLANT":"17KA","PRICING":[{"TYPE":"RETAILPRICE","AMOUNT":"3000.00","CURRENCY":"THB","SIGN":"+","BONUSBUYID":""},{"TYPE":"VAT","AMOUNT":"392.52","CURRENCY":"THB","SIGN":"+","BONUSBUYID":""}],"EANCODE":"011002"},{"POSEX":"30","QUANTITY":"1.00","UOM":"EA","SERIALNUMBER":"0982167723","SHIPPING_POINT":"","SELLING_PLANT":"17KA","PRICING":[{"TYPE":"RETAILPRICE","AMOUNT":"2000.00","CURRENCY":"THB","SIGN":"+","BONUSBUYID":""},{"TYPE":"VAT","AMOUNT":"389.25","CURRENCY":"THB","SIGN":"+","BONUSBUYID":""}],"EANCODE":"011008"}]}}}
<<<======EndJsonREQ======>>>
2018-09-25 11:06:50,456 [5] ERROR - Unable to connect to the remote server
2018-09-25 11:06:50,466 [5] DEBUG - Add Header with BELNR : 17KA0000201600RF0000000008
2018-09-25 11:06:50,471 [5] DEBUG - Update StaSend of SalVatHD with FTXihDocNo : RF0000000008
2018-09-25 11:06:50,473 [5] DEBUG - Send Request to : http://localhost:8080/Test
<<<======JsonREQ======>>>
{"SalesOrder":{"Header":{"ACTION":"CREATE","TRANSTYPE":"ZCDO","DLVRY_DATE":"20180802","TENDER":[{"TENDER_TYPE":"T008","AMOUNT":"2500.00","BONUSBUYID":""}],"NAME1":"?????? ???????????????? ?????","NAME2":"","NAME3":"","NAME4":"","STREET":"","CITY":"","POSTAL_CODE":"","LAND":"TH","TEL":"","FAX":"","DISTRICT":"","BELNR":"17KA0000201600RF0000000008","REF_BELNR":"","TEXT":[{"TDID":"ZADR","TDBODY":[]},{"TDID":"ZDLT","TDBODY":[{"TDLINE":""}]},{"TDID":"ZREM","TDBODY":[{"TDLINE":""},{"TDLINE":""}]},{"TDID":"ZMAP","TDBODY":[{"TDLINE":"Map00008.pdf"}]}],"Item":[{"POSEX":"10","QUANTITY":"1.00","UOM":"EA","SERIALNUMBER":"11","SHIPPING_POINT":"","SELLING_PLANT":"17KA","PRICING":[{"TYPE":"RETAILPRICE","AMOUNT":"3000.00","CURRENCY":"THB","SIGN":"+","BONUSBUYID":""},{"TYPE":"VAT","AMOUNT":"163.55","CURRENCY":"THB","SIGN":"+","BONUSBUYID":""}],"EANCODE":"011008"}]}}}
<<<======EndJsonREQ======>>>
2018-09-25 11:06:52,518 [5] ERROR - Unable to connect to the remote server
2018-09-25 11:09:01,480 [5] DEBUG - Start Processing data from table TPSTSalVatHD
2018-09-25 11:09:01,520 [5] DEBUG - Add Header with BELNR : 17KA0000201572RF0000000001
2018-09-25 11:09:01,534 [5] DEBUG - Update StaSend of SalVatHD with FTXihDocNo : RF0000000001
2018-09-25 11:09:01,534 [5] DEBUG - Send Request to : http://localhost:8080/Test
<<<======JsonREQ======>>>
{"SalesOrder":{"Header":{"ACTION":"CREATE","TRANSTYPE":"ZCDO","DLVRY_DATE":"20180801","TENDER":[{"TENDER_TYPE":"T001","AMOUNT":"2000.00","BONUSBUYID":""}],"NAME1":"?????? ??.????.??.???????? ?????","NAME2":"","NAME3":"","NAME4":"","STREET":"","CITY":"","POSTAL_CODE":"","LAND":"TH","TEL":"","FAX":"","DISTRICT":"","BELNR":"17KA0000201572RF0000000001","REF_BELNR":"","TEXT":[{"TDID":"ZADR","TDBODY":[]},{"TDID":"ZDLT","TDBODY":[{"TDLINE":""}]},{"TDID":"ZREM","TDBODY":[{"TDLINE":""},{"TDLINE":""}]},{"TDID":"ZMAP","TDBODY":[{"TDLINE":"Map00001.pdf"}]}],"Item":[{"POSEX":"10","QUANTITY":"1.00","UOM":"EA","SERIALNUMBER":"0982326568","SHIPPING_POINT":"","SELLING_PLANT":"17KA","PRICING":[{"TYPE":"RETAILPRICE","AMOUNT":"2000.00","CURRENCY":"THB","SIGN":"+","BONUSBUYID":""},{"TYPE":"VAT","AMOUNT":"130.84","CURRENCY":"THB","SIGN":"+","BONUSBUYID":""}],"EANCODE":"011002"}]}}}
<<<======EndJsonREQ======>>>
2018-09-25 11:09:03,571 [5] ERROR - Unable to connect to the remote server
2018-09-25 11:09:03,592 [5] DEBUG - Add Header with BELNR : 17KA0000201573RF0000000002
2018-09-25 11:09:03,613 [5] DEBUG - Update StaSend of SalVatHD with FTXihDocNo : RF0000000002
2018-09-25 11:09:03,617 [5] DEBUG - Send Request to : http://localhost:8080/Test
<<<======JsonREQ======>>>
{"SalesOrder":{"Header":{"ACTION":"CREATE","TRANSTYPE":"ZCDO","DLVRY_DATE":"20180801","TENDER":[{"TENDER_TYPE":"T001","AMOUNT":"500.00","BONUSBUYID":""}],"NAME1":"?????? ???????????????? ?????","NAME2":"","NAME3":"","NAME4":"","STREET":"","CITY":"","POSTAL_CODE":"","LAND":"TH","TEL":"","FAX":"","DISTRICT":"","BELNR":"17KA0000201573RF0000000002","REF_BELNR":"","TEXT":[{"TDID":"ZADR","TDBODY":[]},{"TDID":"ZDLT","TDBODY":[{"TDLINE":""}]},{"TDID":"ZREM","TDBODY":[{"TDLINE":""},{"TDLINE":""}]},{"TDID":"ZMAP","TDBODY":[{"TDLINE":"Map00002.pdf"}]}],"Item":[{"POSEX":"10","QUANTITY":"1.00","UOM":"EA","SERIALNUMBER":"0982315488","SHIPPING_POINT":"","SELLING_PLANT":"17KA","PRICING":[{"TYPE":"RETAILPRICE","AMOUNT":"2000.00","CURRENCY":"THB","SIGN":"+","BONUSBUYID":""},{"TYPE":"VAT","AMOUNT":"32.71","CURRENCY":"THB","SIGN":"+","BONUSBUYID":""}],"EANCODE":"011008"}]}}}
<<<======EndJsonREQ======>>>
2018-09-25 11:09:05,653 [5] ERROR - Unable to connect to the remote server
2018-09-25 11:09:05,699 [5] DEBUG - Add Header with BELNR : 17KA0000201590RF0000000003
2018-09-25 11:09:05,711 [5] DEBUG - Update StaSend of SalVatHD with FTXihDocNo : RF0000000003
2018-09-25 11:09:05,714 [5] DEBUG - Send Request to : http://localhost:8080/Test
<<<======JsonREQ======>>>
{"SalesOrder":{"Header":{"ACTION":"CREATE","TRANSTYPE":"ZCDO","DLVRY_DATE":"20180802","TENDER":[{"TENDER_TYPE":"T001","AMOUNT":"2000.00","BONUSBUYID":""}],"NAME1":"?????? ??.????.??.???????? ?????","NAME2":"","NAME3":"","NAME4":"","STREET":"","CITY":"","POSTAL_CODE":"","LAND":"TH","TEL":"","FAX":"","DISTRICT":"","BELNR":"17KA0000201590RF0000000003","REF_BELNR":"","TEXT":[{"TDID":"ZADR","TDBODY":[]},{"TDID":"ZDLT","TDBODY":[{"TDLINE":""}]},{"TDID":"ZREM","TDBODY":[{"TDLINE":""},{"TDLINE":""}]},{"TDID":"ZMAP","TDBODY":[{"TDLINE":"Map00003.pdf"}]}],"Item":[{"POSEX":"10","QUANTITY":"1.00","UOM":"EA","SERIALNUMBER":"0982389198","SHIPPING_POINT":"","SELLING_PLANT":"17KA","PRICING":[{"TYPE":"RETAILPRICE","AMOUNT":"2000.00","CURRENCY":"THB","SIGN":"+","BONUSBUYID":""},{"TYPE":"VAT","AMOUNT":"130.84","CURRENCY":"THB","SIGN":"+","BONUSBUYID":""}],"EANCODE":"011002"},{"POSEX":"20","QUANTITY":"1.00","UOM":"EA","SERIALNUMBER":"0982165133","SHIPPING_POINT":"","SELLING_PLANT":"17KA","PRICING":[{"TYPE":"RETAILPRICE","AMOUNT":"200.00","CURRENCY":"THB","SIGN":"+","BONUSBUYID":""},{"TYPE":"VAT","AMOUNT":"130.84","CURRENCY":"THB","SIGN":"+","BONUSBUYID":""}],"EANCODE":"011003"}]}}}
<<<======EndJsonREQ======>>>
2018-09-25 11:09:07,760 [5] ERROR - Unable to connect to the remote server
2018-09-25 11:09:07,781 [5] DEBUG - Add Header with BELNR : 17KA0000201591RF0000000004
2018-09-25 11:09:07,870 [5] DEBUG - Update StaSend of SalVatHD with FTXihDocNo : RF0000000004
2018-09-25 11:09:07,873 [5] DEBUG - Send Request to : http://localhost:8080/Test
<<<======JsonREQ======>>>
{"SalesOrder":{"Header":{"ACTION":"CREATE","TRANSTYPE":"ZCDO","DLVRY_DATE":"20180802","TENDER":[{"TENDER_TYPE":"T001","AMOUNT":"1000.00","BONUSBUYID":""}],"NAME1":"?????? ???????????????? ?????","NAME2":"","NAME3":"","NAME4":"","STREET":"","CITY":"","POSTAL_CODE":"","LAND":"TH","TEL":"","FAX":"","DISTRICT":"","BELNR":"17KA0000201591RF0000000004","REF_BELNR":"","TEXT":[{"TDID":"ZADR","TDBODY":[]},{"TDID":"ZDLT","TDBODY":[{"TDLINE":""}]},{"TDID":"ZREM","TDBODY":[{"TDLINE":""},{"TDLINE":""}]},{"TDID":"ZMAP","TDBODY":[{"TDLINE":"Map00004.pdf"}]}],"Item":[{"POSEX":"10","QUANTITY":"1.00","UOM":"EA","SERIALNUMBER":"0982165423","SHIPPING_POINT":"","SELLING_PLANT":"17KA","PRICING":[{"TYPE":"RETAILPRICE","AMOUNT":"2000.00","CURRENCY":"THB","SIGN":"+","BONUSBUYID":""},{"TYPE":"VAT","AMOUNT":"65.42","CURRENCY":"THB","SIGN":"+","BONUSBUYID":""}],"EANCODE":"011003"}]}}}
<<<======EndJsonREQ======>>>
2018-09-25 11:09:09,911 [5] ERROR - Unable to connect to the remote server
2018-09-25 11:09:09,934 [5] DEBUG - Add Header with BELNR : 17KA0000201593RF0000000005
2018-09-25 11:09:09,962 [5] DEBUG - Update StaSend of SalVatHD with FTXihDocNo : RF0000000005
2018-09-25 11:09:09,964 [5] DEBUG - Send Request to : http://localhost:8080/Test
<<<======JsonREQ======>>>
{"SalesOrder":{"Header":{"ACTION":"CREATE","TRANSTYPE":"ZCDO","DLVRY_DATE":"20180802","TENDER":[{"TENDER_TYPE":"T001","AMOUNT":"2000.00","BONUSBUYID":""}],"NAME1":"?????? ?????????????? ???? ?????","NAME2":"","NAME3":"","NAME4":"","STREET":"","CITY":"","POSTAL_CODE":"","LAND":"TH","TEL":"","FAX":"","DISTRICT":"","BELNR":"17KA0000201593RF0000000005","REF_BELNR":"","TEXT":[{"TDID":"ZADR","TDBODY":[]},{"TDID":"ZDLT","TDBODY":[{"TDLINE":""}]},{"TDID":"ZREM","TDBODY":[{"TDLINE":""},{"TDLINE":""}]},{"TDID":"ZMAP","TDBODY":[{"TDLINE":"Map00005.pdf"}]}],"Item":[{"POSEX":"10","QUANTITY":"1.00","UOM":"EA","SERIALNUMBER":"0981651568","SHIPPING_POINT":"","SELLING_PLANT":"17KA","PRICING":[{"TYPE":"RETAILPRICE","AMOUNT":"2000.00","CURRENCY":"THB","SIGN":"+","BONUSBUYID":""},{"TYPE":"VAT","AMOUNT":"130.84","CURRENCY":"THB","SIGN":"+","BONUSBUYID":""}],"EANCODE":"011008"},{"POSEX":"20","QUANTITY":"1.00","UOM":"EA","SERIALNUMBER":"0982554884","SHIPPING_POINT":"","SELLING_PLANT":"17KA","PRICING":[{"TYPE":"RETAILPRICE","AMOUNT":"2000.00","CURRENCY":"THB","SIGN":"+","BONUSBUYID":""},{"TYPE":"VAT","AMOUNT":"130.84","CURRENCY":"THB","SIGN":"+","BONUSBUYID":""}],"EANCODE":"011003"}]}}}
<<<======EndJsonREQ======>>>
2018-09-25 11:09:12,004 [5] ERROR - Unable to connect to the remote server
2018-09-25 11:09:12,027 [5] DEBUG - Add Header with BELNR : 17KA0000201594RF0000000006
2018-09-25 11:09:12,032 [5] DEBUG - Update StaSend of SalVatHD with FTXihDocNo : RF0000000006
2018-09-25 11:09:12,034 [5] DEBUG - Send Request to : http://localhost:8080/Test
<<<======JsonREQ======>>>
{"SalesOrder":{"Header":{"ACTION":"CREATE","TRANSTYPE":"ZCDO","DLVRY_DATE":"20180802","TENDER":[{"TENDER_TYPE":"T001","AMOUNT":"4000.00","BONUSBUYID":""}],"NAME1":"?????? ?????????????? ?????","NAME2":"","NAME3":"","NAME4":"","STREET":"","CITY":"","POSTAL_CODE":"","LAND":"TH","TEL":"","FAX":"","DISTRICT":"","BELNR":"17KA0000201594RF0000000006","REF_BELNR":"","TEXT":[{"TDID":"ZADR","TDBODY":[]},{"TDID":"ZDLT","TDBODY":[{"TDLINE":""}]},{"TDID":"ZREM","TDBODY":[{"TDLINE":""},{"TDLINE":""}]},{"TDID":"ZMAP","TDBODY":[{"TDLINE":"Map00006.pdf"}]}],"Item":[{"POSEX":"10","QUANTITY":"1.00","UOM":"EA","SERIALNUMBER":"0982165133","SHIPPING_POINT":"","SELLING_PLANT":"17KA","PRICING":[{"TYPE":"RETAILPRICE","AMOUNT":"2000.00","CURRENCY":"THB","SIGN":"+","BONUSBUYID":""},{"TYPE":"VAT","AMOUNT":"258.41","CURRENCY":"THB","SIGN":"+","BONUSBUYID":""}],"EANCODE":"011008"},{"POSEX":"20","QUANTITY":"1.00","UOM":"EA","SERIALNUMBER":"0982165133","SHIPPING_POINT":"","SELLING_PLANT":"17KA","PRICING":[{"TYPE":"RETAILPRICE","AMOUNT":"2500.00","CURRENCY":"THB","SIGN":"+","BONUSBUYID":""},{"TYPE":"VAT","AMOUNT":"261.68","CURRENCY":"THB","SIGN":"+","BONUSBUYID":""}],"EANCODE":"011002"}]}}}
<<<======EndJsonREQ======>>>
2018-09-25 11:09:14,072 [5] ERROR - Unable to connect to the remote server
2018-09-25 11:09:14,085 [5] DEBUG - Add Header with BELNR : 17KA0000201595RF0000000007
2018-09-25 11:09:14,209 [5] DEBUG - Update StaSend of SalVatHD with FTXihDocNo : RF0000000007
2018-09-25 11:09:14,212 [5] DEBUG - Send Request to : http://localhost:8080/Test
<<<======JsonREQ======>>>
{"SalesOrder":{"Header":{"ACTION":"CREATE","TRANSTYPE":"ZCDO","DLVRY_DATE":"20180802","TENDER":[{"TENDER_TYPE":"T008","AMOUNT":"6000.00","BONUSBUYID":""}],"NAME1":"?????? ???????????? ?????","NAME2":"","NAME3":"","NAME4":"","STREET":"","CITY":"","POSTAL_CODE":"","LAND":"TH","TEL":"","FAX":"","DISTRICT":"","BELNR":"17KA0000201595RF0000000007","REF_BELNR":"","TEXT":[{"TDID":"ZADR","TDBODY":[]},{"TDID":"ZDLT","TDBODY":[{"TDLINE":""}]},{"TDID":"ZREM","TDBODY":[{"TDLINE":""},{"TDLINE":""}]},{"TDID":"ZMAP","TDBODY":[{"TDLINE":"Map00007.pdf"}]}],"Item":[{"POSEX":"10","QUANTITY":"1.00","UOM":"EA","SERIALNUMBER":"0982167233","SHIPPING_POINT":"","SELLING_PLANT":"17KA","PRICING":[{"TYPE":"RETAILPRICE","AMOUNT":"2000.00","CURRENCY":"THB","SIGN":"+","BONUSBUYID":""},{"TYPE":"VAT","AMOUNT":"392.52","CURRENCY":"THB","SIGN":"+","BONUSBUYID":""}],"EANCODE":"011003"},{"POSEX":"20","QUANTITY":"1.00","UOM":"EA","SERIALNUMBER":"0985467453","SHIPPING_POINT":"","SELLING_PLANT":"17KA","PRICING":[{"TYPE":"RETAILPRICE","AMOUNT":"3000.00","CURRENCY":"THB","SIGN":"+","BONUSBUYID":""},{"TYPE":"VAT","AMOUNT":"392.52","CURRENCY":"THB","SIGN":"+","BONUSBUYID":""}],"EANCODE":"011002"},{"POSEX":"30","QUANTITY":"1.00","UOM":"EA","SERIALNUMBER":"0982167723","SHIPPING_POINT":"","SELLING_PLANT":"17KA","PRICING":[{"TYPE":"RETAILPRICE","AMOUNT":"2000.00","CURRENCY":"THB","SIGN":"+","BONUSBUYID":""},{"TYPE":"VAT","AMOUNT":"389.25","CURRENCY":"THB","SIGN":"+","BONUSBUYID":""}],"EANCODE":"011008"}]}}}
<<<======EndJsonREQ======>>>
2018-09-25 11:09:16,251 [5] ERROR - Unable to connect to the remote server
2018-09-25 11:09:16,261 [5] DEBUG - Add Header with BELNR : 17KA0000201600RF0000000008
2018-09-25 11:09:16,266 [5] DEBUG - Update StaSend of SalVatHD with FTXihDocNo : RF0000000008
2018-09-25 11:09:16,268 [5] DEBUG - Send Request to : http://localhost:8080/Test
<<<======JsonREQ======>>>
{"SalesOrder":{"Header":{"ACTION":"CREATE","TRANSTYPE":"ZCDO","DLVRY_DATE":"20180802","TENDER":[{"TENDER_TYPE":"T008","AMOUNT":"2500.00","BONUSBUYID":""}],"NAME1":"?????? ???????????????? ?????","NAME2":"","NAME3":"","NAME4":"","STREET":"","CITY":"","POSTAL_CODE":"","LAND":"TH","TEL":"","FAX":"","DISTRICT":"","BELNR":"17KA0000201600RF0000000008","REF_BELNR":"","TEXT":[{"TDID":"ZADR","TDBODY":[]},{"TDID":"ZDLT","TDBODY":[{"TDLINE":""}]},{"TDID":"ZREM","TDBODY":[{"TDLINE":""},{"TDLINE":""}]},{"TDID":"ZMAP","TDBODY":[{"TDLINE":"Map00008.pdf"}]}],"Item":[{"POSEX":"10","QUANTITY":"1.00","UOM":"EA","SERIALNUMBER":"11","SHIPPING_POINT":"","SELLING_PLANT":"17KA","PRICING":[{"TYPE":"RETAILPRICE","AMOUNT":"3000.00","CURRENCY":"THB","SIGN":"+","BONUSBUYID":""},{"TYPE":"VAT","AMOUNT":"163.55","CURRENCY":"THB","SIGN":"+","BONUSBUYID":""}],"EANCODE":"011008"}]}}}
<<<======EndJsonREQ======>>>
2018-09-25 11:09:18,309 [5] ERROR - Unable to connect to the remote server
2018-09-25 11:09:18,322 [5] DEBUG - Start Processing data from table TPSTSalVatHD
2018-09-25 11:09:18,338 [5] DEBUG - Add Header with BELNR : 17KA0000201572RF0000000001
2018-09-25 11:09:18,344 [5] DEBUG - Update StaSend of SalVatHD with FTXihDocNo : RF0000000001
2018-09-25 11:09:18,346 [5] DEBUG - Send Request to : http://localhost:8080/Test
<<<======JsonREQ======>>>
{"SalesOrder":{"Header":{"ACTION":"CREATE","TRANSTYPE":"ZCDO","DLVRY_DATE":"20180801","TENDER":[{"TENDER_TYPE":"T001","AMOUNT":"2000.00","BONUSBUYID":""}],"NAME1":"?????? ??.????.??.???????? ?????","NAME2":"","NAME3":"","NAME4":"","STREET":"","CITY":"","POSTAL_CODE":"","LAND":"TH","TEL":"","FAX":"","DISTRICT":"","BELNR":"17KA0000201572RF0000000001","REF_BELNR":"","TEXT":[{"TDID":"ZADR","TDBODY":[]},{"TDID":"ZDLT","TDBODY":[{"TDLINE":""}]},{"TDID":"ZREM","TDBODY":[{"TDLINE":""},{"TDLINE":""}]},{"TDID":"ZMAP","TDBODY":[{"TDLINE":"Map00001.pdf"}]}],"Item":[{"POSEX":"10","QUANTITY":"1.00","UOM":"EA","SERIALNUMBER":"0982326568","SHIPPING_POINT":"","SELLING_PLANT":"17KA","PRICING":[{"TYPE":"RETAILPRICE","AMOUNT":"2000.00","CURRENCY":"THB","SIGN":"+","BONUSBUYID":""},{"TYPE":"VAT","AMOUNT":"130.84","CURRENCY":"THB","SIGN":"+","BONUSBUYID":""}],"EANCODE":"011002"}]}}}
<<<======EndJsonREQ======>>>
2018-09-25 11:09:20,382 [5] ERROR - Unable to connect to the remote server
2018-09-25 11:09:20,392 [5] DEBUG - Add Header with BELNR : 17KA0000201573RF0000000002
2018-09-25 11:09:20,395 [5] DEBUG - Update StaSend of SalVatHD with FTXihDocNo : RF0000000002
2018-09-25 11:09:20,397 [5] DEBUG - Send Request to : http://localhost:8080/Test
<<<======JsonREQ======>>>
{"SalesOrder":{"Header":{"ACTION":"CREATE","TRANSTYPE":"ZCDO","DLVRY_DATE":"20180801","TENDER":[{"TENDER_TYPE":"T001","AMOUNT":"500.00","BONUSBUYID":""}],"NAME1":"?????? ???????????????? ?????","NAME2":"","NAME3":"","NAME4":"","STREET":"","CITY":"","POSTAL_CODE":"","LAND":"TH","TEL":"","FAX":"","DISTRICT":"","BELNR":"17KA0000201573RF0000000002","REF_BELNR":"","TEXT":[{"TDID":"ZADR","TDBODY":[]},{"TDID":"ZDLT","TDBODY":[{"TDLINE":""}]},{"TDID":"ZREM","TDBODY":[{"TDLINE":""},{"TDLINE":""}]},{"TDID":"ZMAP","TDBODY":[{"TDLINE":"Map00002.pdf"}]}],"Item":[{"POSEX":"10","QUANTITY":"1.00","UOM":"EA","SERIALNUMBER":"0982315488","SHIPPING_POINT":"","SELLING_PLANT":"17KA","PRICING":[{"TYPE":"RETAILPRICE","AMOUNT":"2000.00","CURRENCY":"THB","SIGN":"+","BONUSBUYID":""},{"TYPE":"VAT","AMOUNT":"32.71","CURRENCY":"THB","SIGN":"+","BONUSBUYID":""}],"EANCODE":"011008"}]}}}
<<<======EndJsonREQ======>>>
2018-09-25 11:09:22,438 [5] ERROR - Unable to connect to the remote server
2018-09-25 11:09:22,450 [5] DEBUG - Add Header with BELNR : 17KA0000201590RF0000000003
2018-09-25 11:09:22,481 [5] DEBUG - Update StaSend of SalVatHD with FTXihDocNo : RF0000000003
2018-09-25 11:09:22,486 [5] DEBUG - Send Request to : http://localhost:8080/Test
<<<======JsonREQ======>>>
{"SalesOrder":{"Header":{"ACTION":"CREATE","TRANSTYPE":"ZCDO","DLVRY_DATE":"20180802","TENDER":[{"TENDER_TYPE":"T001","AMOUNT":"2000.00","BONUSBUYID":""}],"NAME1":"?????? ??.????.??.???????? ?????","NAME2":"","NAME3":"","NAME4":"","STREET":"","CITY":"","POSTAL_CODE":"","LAND":"TH","TEL":"","FAX":"","DISTRICT":"","BELNR":"17KA0000201590RF0000000003","REF_BELNR":"","TEXT":[{"TDID":"ZADR","TDBODY":[]},{"TDID":"ZDLT","TDBODY":[{"TDLINE":""}]},{"TDID":"ZREM","TDBODY":[{"TDLINE":""},{"TDLINE":""}]},{"TDID":"ZMAP","TDBODY":[{"TDLINE":"Map00003.pdf"}]}],"Item":[{"POSEX":"10","QUANTITY":"1.00","UOM":"EA","SERIALNUMBER":"0982389198","SHIPPING_POINT":"","SELLING_PLANT":"17KA","PRICING":[{"TYPE":"RETAILPRICE","AMOUNT":"2000.00","CURRENCY":"THB","SIGN":"+","BONUSBUYID":""},{"TYPE":"VAT","AMOUNT":"130.84","CURRENCY":"THB","SIGN":"+","BONUSBUYID":""}],"EANCODE":"011002"},{"POSEX":"20","QUANTITY":"1.00","UOM":"EA","SERIALNUMBER":"0982165133","SHIPPING_POINT":"","SELLING_PLANT":"17KA","PRICING":[{"TYPE":"RETAILPRICE","AMOUNT":"200.00","CURRENCY":"THB","SIGN":"+","BONUSBUYID":""},{"TYPE":"VAT","AMOUNT":"130.84","CURRENCY":"THB","SIGN":"+","BONUSBUYID":""}],"EANCODE":"011003"}]}}}
<<<======EndJsonREQ======>>>
2018-09-25 11:09:24,523 [5] ERROR - Unable to connect to the remote server
2018-09-25 11:09:24,533 [5] DEBUG - Add Header with BELNR : 17KA0000201591RF0000000004
2018-09-25 11:09:24,538 [5] DEBUG - Update StaSend of SalVatHD with FTXihDocNo : RF0000000004
2018-09-25 11:09:24,540 [5] DEBUG - Send Request to : http://localhost:8080/Test
<<<======JsonREQ======>>>
{"SalesOrder":{"Header":{"ACTION":"CREATE","TRANSTYPE":"ZCDO","DLVRY_DATE":"20180802","TENDER":[{"TENDER_TYPE":"T001","AMOUNT":"1000.00","BONUSBUYID":""}],"NAME1":"?????? ???????????????? ?????","NAME2":"","NAME3":"","NAME4":"","STREET":"","CITY":"","POSTAL_CODE":"","LAND":"TH","TEL":"","FAX":"","DISTRICT":"","BELNR":"17KA0000201591RF0000000004","REF_BELNR":"","TEXT":[{"TDID":"ZADR","TDBODY":[]},{"TDID":"ZDLT","TDBODY":[{"TDLINE":""}]},{"TDID":"ZREM","TDBODY":[{"TDLINE":""},{"TDLINE":""}]},{"TDID":"ZMAP","TDBODY":[{"TDLINE":"Map00004.pdf"}]}],"Item":[{"POSEX":"10","QUANTITY":"1.00","UOM":"EA","SERIALNUMBER":"0982165423","SHIPPING_POINT":"","SELLING_PLANT":"17KA","PRICING":[{"TYPE":"RETAILPRICE","AMOUNT":"2000.00","CURRENCY":"THB","SIGN":"+","BONUSBUYID":""},{"TYPE":"VAT","AMOUNT":"65.42","CURRENCY":"THB","SIGN":"+","BONUSBUYID":""}],"EANCODE":"011003"}]}}}
<<<======EndJsonREQ======>>>
2018-09-25 11:09:26,591 [5] ERROR - Unable to connect to the remote server
2018-09-25 11:09:26,603 [5] DEBUG - Add Header with BELNR : 17KA0000201593RF0000000005
2018-09-25 11:09:26,606 [5] DEBUG - Update StaSend of SalVatHD with FTXihDocNo : RF0000000005
2018-09-25 11:09:26,610 [5] DEBUG - Send Request to : http://localhost:8080/Test
<<<======JsonREQ======>>>
{"SalesOrder":{"Header":{"ACTION":"CREATE","TRANSTYPE":"ZCDO","DLVRY_DATE":"20180802","TENDER":[{"TENDER_TYPE":"T001","AMOUNT":"2000.00","BONUSBUYID":""}],"NAME1":"?????? ?????????????? ???? ?????","NAME2":"","NAME3":"","NAME4":"","STREET":"","CITY":"","POSTAL_CODE":"","LAND":"TH","TEL":"","FAX":"","DISTRICT":"","BELNR":"17KA0000201593RF0000000005","REF_BELNR":"","TEXT":[{"TDID":"ZADR","TDBODY":[]},{"TDID":"ZDLT","TDBODY":[{"TDLINE":""}]},{"TDID":"ZREM","TDBODY":[{"TDLINE":""},{"TDLINE":""}]},{"TDID":"ZMAP","TDBODY":[{"TDLINE":"Map00005.pdf"}]}],"Item":[{"POSEX":"10","QUANTITY":"1.00","UOM":"EA","SERIALNUMBER":"0981651568","SHIPPING_POINT":"","SELLING_PLANT":"17KA","PRICING":[{"TYPE":"RETAILPRICE","AMOUNT":"2000.00","CURRENCY":"THB","SIGN":"+","BONUSBUYID":""},{"TYPE":"VAT","AMOUNT":"130.84","CURRENCY":"THB","SIGN":"+","BONUSBUYID":""}],"EANCODE":"011008"},{"POSEX":"20","QUANTITY":"1.00","UOM":"EA","SERIALNUMBER":"0982554884","SHIPPING_POINT":"","SELLING_PLANT":"17KA","PRICING":[{"TYPE":"RETAILPRICE","AMOUNT":"2000.00","CURRENCY":"THB","SIGN":"+","BONUSBUYID":""},{"TYPE":"VAT","AMOUNT":"130.84","CURRENCY":"THB","SIGN":"+","BONUSBUYID":""}],"EANCODE":"011003"}]}}}
<<<======EndJsonREQ======>>>
2018-09-25 11:09:28,647 [5] ERROR - Unable to connect to the remote server
2018-09-25 11:09:28,657 [5] DEBUG - Add Header with BELNR : 17KA0000201594RF0000000006
2018-09-25 11:09:28,661 [5] DEBUG - Update StaSend of SalVatHD with FTXihDocNo : RF0000000006
2018-09-25 11:09:28,663 [5] DEBUG - Send Request to : http://localhost:8080/Test
<<<======JsonREQ======>>>
{"SalesOrder":{"Header":{"ACTION":"CREATE","TRANSTYPE":"ZCDO","DLVRY_DATE":"20180802","TENDER":[{"TENDER_TYPE":"T001","AMOUNT":"4000.00","BONUSBUYID":""}],"NAME1":"?????? ?????????????? ?????","NAME2":"","NAME3":"","NAME4":"","STREET":"","CITY":"","POSTAL_CODE":"","LAND":"TH","TEL":"","FAX":"","DISTRICT":"","BELNR":"17KA0000201594RF0000000006","REF_BELNR":"","TEXT":[{"TDID":"ZADR","TDBODY":[]},{"TDID":"ZDLT","TDBODY":[{"TDLINE":""}]},{"TDID":"ZREM","TDBODY":[{"TDLINE":""},{"TDLINE":""}]},{"TDID":"ZMAP","TDBODY":[{"TDLINE":"Map00006.pdf"}]}],"Item":[{"POSEX":"10","QUANTITY":"1.00","UOM":"EA","SERIALNUMBER":"0982165133","SHIPPING_POINT":"","SELLING_PLANT":"17KA","PRICING":[{"TYPE":"RETAILPRICE","AMOUNT":"2000.00","CURRENCY":"THB","SIGN":"+","BONUSBUYID":""},{"TYPE":"VAT","AMOUNT":"258.41","CURRENCY":"THB","SIGN":"+","BONUSBUYID":""}],"EANCODE":"011008"},{"POSEX":"20","QUANTITY":"1.00","UOM":"EA","SERIALNUMBER":"0982165133","SHIPPING_POINT":"","SELLING_PLANT":"17KA","PRICING":[{"TYPE":"RETAILPRICE","AMOUNT":"2500.00","CURRENCY":"THB","SIGN":"+","BONUSBUYID":""},{"TYPE":"VAT","AMOUNT":"261.68","CURRENCY":"THB","SIGN":"+","BONUSBUYID":""}],"EANCODE":"011002"}]}}}
<<<======EndJsonREQ======>>>
2018-09-25 11:09:30,701 [5] ERROR - Unable to connect to the remote server
2018-09-25 11:09:30,713 [5] DEBUG - Add Header with BELNR : 17KA0000201595RF0000000007
2018-09-25 11:09:30,716 [5] DEBUG - Update StaSend of SalVatHD with FTXihDocNo : RF0000000007
2018-09-25 11:09:30,720 [5] DEBUG - Send Request to : http://localhost:8080/Test
<<<======JsonREQ======>>>
{"SalesOrder":{"Header":{"ACTION":"CREATE","TRANSTYPE":"ZCDO","DLVRY_DATE":"20180802","TENDER":[{"TENDER_TYPE":"T008","AMOUNT":"6000.00","BONUSBUYID":""}],"NAME1":"?????? ???????????? ?????","NAME2":"","NAME3":"","NAME4":"","STREET":"","CITY":"","POSTAL_CODE":"","LAND":"TH","TEL":"","FAX":"","DISTRICT":"","BELNR":"17KA0000201595RF0000000007","REF_BELNR":"","TEXT":[{"TDID":"ZADR","TDBODY":[]},{"TDID":"ZDLT","TDBODY":[{"TDLINE":""}]},{"TDID":"ZREM","TDBODY":[{"TDLINE":""},{"TDLINE":""}]},{"TDID":"ZMAP","TDBODY":[{"TDLINE":"Map00007.pdf"}]}],"Item":[{"POSEX":"10","QUANTITY":"1.00","UOM":"EA","SERIALNUMBER":"0982167233","SHIPPING_POINT":"","SELLING_PLANT":"17KA","PRICING":[{"TYPE":"RETAILPRICE","AMOUNT":"2000.00","CURRENCY":"THB","SIGN":"+","BONUSBUYID":""},{"TYPE":"VAT","AMOUNT":"392.52","CURRENCY":"THB","SIGN":"+","BONUSBUYID":""}],"EANCODE":"011003"},{"POSEX":"20","QUANTITY":"1.00","UOM":"EA","SERIALNUMBER":"0985467453","SHIPPING_POINT":"","SELLING_PLANT":"17KA","PRICING":[{"TYPE":"RETAILPRICE","AMOUNT":"3000.00","CURRENCY":"THB","SIGN":"+","BONUSBUYID":""},{"TYPE":"VAT","AMOUNT":"392.52","CURRENCY":"THB","SIGN":"+","BONUSBUYID":""}],"EANCODE":"011002"},{"POSEX":"30","QUANTITY":"1.00","UOM":"EA","SERIALNUMBER":"0982167723","SHIPPING_POINT":"","SELLING_PLANT":"17KA","PRICING":[{"TYPE":"RETAILPRICE","AMOUNT":"2000.00","CURRENCY":"THB","SIGN":"+","BONUSBUYID":""},{"TYPE":"VAT","AMOUNT":"389.25","CURRENCY":"THB","SIGN":"+","BONUSBUYID":""}],"EANCODE":"011008"}]}}}
<<<======EndJsonREQ======>>>
2018-09-25 11:09:32,760 [5] ERROR - Unable to connect to the remote server
2018-09-25 11:09:32,771 [5] DEBUG - Add Header with BELNR : 17KA0000201600RF0000000008
2018-09-25 11:09:32,773 [5] DEBUG - Update StaSend of SalVatHD with FTXihDocNo : RF0000000008
2018-09-25 11:09:32,775 [5] DEBUG - Send Request to : http://localhost:8080/Test
<<<======JsonREQ======>>>
{"SalesOrder":{"Header":{"ACTION":"CREATE","TRANSTYPE":"ZCDO","DLVRY_DATE":"20180802","TENDER":[{"TENDER_TYPE":"T008","AMOUNT":"2500.00","BONUSBUYID":""}],"NAME1":"?????? ???????????????? ?????","NAME2":"","NAME3":"","NAME4":"","STREET":"","CITY":"","POSTAL_CODE":"","LAND":"TH","TEL":"","FAX":"","DISTRICT":"","BELNR":"17KA0000201600RF0000000008","REF_BELNR":"","TEXT":[{"TDID":"ZADR","TDBODY":[]},{"TDID":"ZDLT","TDBODY":[{"TDLINE":""}]},{"TDID":"ZREM","TDBODY":[{"TDLINE":""},{"TDLINE":""}]},{"TDID":"ZMAP","TDBODY":[{"TDLINE":"Map00008.pdf"}]}],"Item":[{"POSEX":"10","QUANTITY":"1.00","UOM":"EA","SERIALNUMBER":"11","SHIPPING_POINT":"","SELLING_PLANT":"17KA","PRICING":[{"TYPE":"RETAILPRICE","AMOUNT":"3000.00","CURRENCY":"THB","SIGN":"+","BONUSBUYID":""},{"TYPE":"VAT","AMOUNT":"163.55","CURRENCY":"THB","SIGN":"+","BONUSBUYID":""}],"EANCODE":"011008"}]}}}
<<<======EndJsonREQ======>>>
2018-09-25 11:09:34,809 [5] ERROR - Unable to connect to the remote server
2018-09-25 14:21:22,029 [1] ERROR - Object reference not set to an instance of an object.
2018-09-25 14:23:36,361 [1] ERROR - Object reference not set to an instance of an object.
2018-09-25 14:26:48,077 [1] ERROR - Object reference not set to an instance of an object.
2018-09-25 14:41:59,051 [1] ERROR - Object reference not set to an instance of an object.
2018-09-25 14:42:42,026 [1] ERROR - Object reference not set to an instance of an object.
2018-09-25 20:16:15,135 [1] ERROR - Object reference not set to an instance of an object.
