2018-09-27 19:48:31,370 [1] ERROR - Object reference not set to an instance of an object.
2018-09-27 19:48:42,828 [5] DEBUG - Start Processing data from table TPSTSalVatHD
2018-09-27 19:48:42,997 [5] DEBUG - Add Header with BELNR : 17KA0000201572RF0000000001
2018-09-27 19:48:43,036 [5] DEBUG - Update StaSend of SalVatHD with FTXihDocNo : RF0000000001
2018-09-27 19:48:43,298 [5] DEBUG - Send Request to : http://localhost:8080/Test
<<<======JsonREQ======>>>
{"SalesOrder":{"Header":{"ACTION":"CREATE","TRANSTYPE":"ZCDO","DLVRY_DATE":"20180801","TENDER":[{"TENDER_TYPE":"T001","AMOUNT":"2000.00","BONUSBUYID":""}],"NAME1":"?????? ??.????.??.???????? ?????","NAME2":"","NAME3":"","NAME4":"","STREET":"","CITY":"","POSTAL_CODE":"","LAND":"TH","TEL":"","FAX":"","DISTRICT":"","BELNR":"17KA0000201572RF0000000001","REF_BELNR":"","TEXT":[{"TDID":"ZADR","TDBODY":[]},{"TDID":"ZDLT","TDBODY":[{"TDLINE":""}]},{"TDID":"ZREM","TDBODY":[{"TDLINE":""},{"TDLINE":""}]},{"TDID":"ZMAP","TDBODY":[{"TDLINE":"Map00001.pdf"}]}],"Item":[{"POSEX":"10","QUANTITY":"1.00","UOM":"EA","SERIALNUMBER":"0982326568","SHIPPING_POINT":"","SELLING_PLANT":"17KA","PRICING":[{"TYPE":"RETAILPRICE","AMOUNT":"2000.00","CURRENCY":"THB","SIGN":"+","BONUSBUYID":""},{"TYPE":"VAT","AMOUNT":"130.84","CURRENCY":"THB","SIGN":"+","BONUSBUYID":""}],"EANCODE":"011002"}]}}}
<<<======EndJsonREQ======>>>
2018-09-27 19:48:45,499 [5] ERROR - Unable to connect to the remote server
2018-09-27 19:48:45,513 [5] DEBUG - Add Header with BELNR : 17KA0000201573RF0000000002
2018-09-27 19:48:45,516 [5] DEBUG - Update StaSend of SalVatHD with FTXihDocNo : RF0000000002
2018-09-27 19:48:45,521 [5] DEBUG - Send Request to : http://localhost:8080/Test
<<<======JsonREQ======>>>
{"SalesOrder":{"Header":{"ACTION":"CREATE","TRANSTYPE":"ZCDO","DLVRY_DATE":"20180801","TENDER":[{"TENDER_TYPE":"T001","AMOUNT":"500.00","BONUSBUYID":""}],"NAME1":"?????? ???????????????? ?????","NAME2":"","NAME3":"","NAME4":"","STREET":"","CITY":"","POSTAL_CODE":"","LAND":"TH","TEL":"","FAX":"","DISTRICT":"","BELNR":"17KA0000201573RF0000000002","REF_BELNR":"","TEXT":[{"TDID":"ZADR","TDBODY":[]},{"TDID":"ZDLT","TDBODY":[{"TDLINE":""}]},{"TDID":"ZREM","TDBODY":[{"TDLINE":""},{"TDLINE":""}]},{"TDID":"ZMAP","TDBODY":[{"TDLINE":"Map00002.pdf"}]}],"Item":[{"POSEX":"10","QUANTITY":"1.00","UOM":"EA","SERIALNUMBER":"0982315488","SHIPPING_POINT":"","SELLING_PLANT":"17KA","PRICING":[{"TYPE":"RETAILPRICE","AMOUNT":"2000.00","CURRENCY":"THB","SIGN":"+","BONUSBUYID":""},{"TYPE":"VAT","AMOUNT":"32.71","CURRENCY":"THB","SIGN":"+","BONUSBUYID":""}],"EANCODE":"011008"}]}}}
<<<======EndJsonREQ======>>>
2018-09-27 19:48:47,556 [5] ERROR - Unable to connect to the remote server
2018-09-27 19:48:47,566 [5] DEBUG - Add Header with BELNR : 17KA0000201590RF0000000003
2018-09-27 19:48:47,571 [5] DEBUG - Update StaSend of SalVatHD with FTXihDocNo : RF0000000003
2018-09-27 19:48:47,573 [5] DEBUG - Send Request to : http://localhost:8080/Test
<<<======JsonREQ======>>>
{"SalesOrder":{"Header":{"ACTION":"CREATE","TRANSTYPE":"ZCDO","DLVRY_DATE":"20180802","TENDER":[{"TENDER_TYPE":"T001","AMOUNT":"2000.00","BONUSBUYID":""}],"NAME1":"?????? ??.????.??.???????? ?????","NAME2":"","NAME3":"","NAME4":"","STREET":"","CITY":"","POSTAL_CODE":"","LAND":"TH","TEL":"","FAX":"","DISTRICT":"","BELNR":"17KA0000201590RF0000000003","REF_BELNR":"","TEXT":[{"TDID":"ZADR","TDBODY":[]},{"TDID":"ZDLT","TDBODY":[{"TDLINE":""}]},{"TDID":"ZREM","TDBODY":[{"TDLINE":""},{"TDLINE":""}]},{"TDID":"ZMAP","TDBODY":[{"TDLINE":"Map00003.pdf"}]}],"Item":[{"POSEX":"10","QUANTITY":"1.00","UOM":"EA","SERIALNUMBER":"0982389198","SHIPPING_POINT":"","SELLING_PLANT":"17KA","PRICING":[{"TYPE":"RETAILPRICE","AMOUNT":"2000.00","CURRENCY":"THB","SIGN":"+","BONUSBUYID":""},{"TYPE":"VAT","AMOUNT":"130.84","CURRENCY":"THB","SIGN":"+","BONUSBUYID":""}],"EANCODE":"011002"},{"POSEX":"20","QUANTITY":"1.00","UOM":"EA","SERIALNUMBER":"0982165133","SHIPPING_POINT":"","SELLING_PLANT":"17KA","PRICING":[{"TYPE":"RETAILPRICE","AMOUNT":"200.00","CURRENCY":"THB","SIGN":"+","BONUSBUYID":""},{"TYPE":"VAT","AMOUNT":"130.84","CURRENCY":"THB","SIGN":"+","BONUSBUYID":""}],"EANCODE":"011003"}]}}}
<<<======EndJsonREQ======>>>
2018-09-27 19:48:49,612 [5] ERROR - Unable to connect to the remote server
2018-09-27 19:48:49,622 [5] DEBUG - Add Header with BELNR : 17KA0000201591RF0000000004
2018-09-27 19:48:49,624 [5] DEBUG - Update StaSend of SalVatHD with FTXihDocNo : RF0000000004
2018-09-27 19:48:49,627 [5] DEBUG - Send Request to : http://localhost:8080/Test
<<<======JsonREQ======>>>
{"SalesOrder":{"Header":{"ACTION":"CREATE","TRANSTYPE":"ZCDO","DLVRY_DATE":"20180802","TENDER":[{"TENDER_TYPE":"T001","AMOUNT":"1000.00","BONUSBUYID":""}],"NAME1":"?????? ???????????????? ?????","NAME2":"","NAME3":"","NAME4":"","STREET":"","CITY":"","POSTAL_CODE":"","LAND":"TH","TEL":"","FAX":"","DISTRICT":"","BELNR":"17KA0000201591RF0000000004","REF_BELNR":"","TEXT":[{"TDID":"ZADR","TDBODY":[]},{"TDID":"ZDLT","TDBODY":[{"TDLINE":""}]},{"TDID":"ZREM","TDBODY":[{"TDLINE":""},{"TDLINE":""}]},{"TDID":"ZMAP","TDBODY":[{"TDLINE":"Map00004.pdf"}]}],"Item":[{"POSEX":"10","QUANTITY":"1.00","UOM":"EA","SERIALNUMBER":"0982165423","SHIPPING_POINT":"","SELLING_PLANT":"17KA","PRICING":[{"TYPE":"RETAILPRICE","AMOUNT":"2000.00","CURRENCY":"THB","SIGN":"+","BONUSBUYID":""},{"TYPE":"VAT","AMOUNT":"65.42","CURRENCY":"THB","SIGN":"+","BONUSBUYID":""}],"EANCODE":"011003"}]}}}
<<<======EndJsonREQ======>>>
2018-09-27 19:48:51,663 [5] ERROR - Unable to connect to the remote server
2018-09-27 19:48:51,673 [5] DEBUG - Add Header with BELNR : 17KA0000201593RF0000000005
2018-09-27 19:48:51,678 [5] DEBUG - Update StaSend of SalVatHD with FTXihDocNo : RF0000000005
2018-09-27 19:48:51,680 [5] DEBUG - Send Request to : http://localhost:8080/Test
<<<======JsonREQ======>>>
{"SalesOrder":{"Header":{"ACTION":"CREATE","TRANSTYPE":"ZCDO","DLVRY_DATE":"20180802","TENDER":[{"TENDER_TYPE":"T001","AMOUNT":"2000.00","BONUSBUYID":""}],"NAME1":"?????? ?????????????? ???? ?????","NAME2":"","NAME3":"","NAME4":"","STREET":"","CITY":"","POSTAL_CODE":"","LAND":"TH","TEL":"","FAX":"","DISTRICT":"","BELNR":"17KA0000201593RF0000000005","REF_BELNR":"","TEXT":[{"TDID":"ZADR","TDBODY":[]},{"TDID":"ZDLT","TDBODY":[{"TDLINE":""}]},{"TDID":"ZREM","TDBODY":[{"TDLINE":""},{"TDLINE":""}]},{"TDID":"ZMAP","TDBODY":[{"TDLINE":"Map00005.pdf"}]}],"Item":[{"POSEX":"10","QUANTITY":"1.00","UOM":"EA","SERIALNUMBER":"0981651568","SHIPPING_POINT":"","SELLING_PLANT":"17KA","PRICING":[{"TYPE":"RETAILPRICE","AMOUNT":"2000.00","CURRENCY":"THB","SIGN":"+","BONUSBUYID":""},{"TYPE":"VAT","AMOUNT":"130.84","CURRENCY":"THB","SIGN":"+","BONUSBUYID":""}],"EANCODE":"011008"},{"POSEX":"20","QUANTITY":"1.00","UOM":"EA","SERIALNUMBER":"0982554884","SHIPPING_POINT":"","SELLING_PLANT":"17KA","PRICING":[{"TYPE":"RETAILPRICE","AMOUNT":"2000.00","CURRENCY":"THB","SIGN":"+","BONUSBUYID":""},{"TYPE":"VAT","AMOUNT":"130.84","CURRENCY":"THB","SIGN":"+","BONUSBUYID":""}],"EANCODE":"011003"}]}}}
<<<======EndJsonREQ======>>>
2018-09-27 19:48:53,717 [5] ERROR - Unable to connect to the remote server
2018-09-27 19:48:53,790 [5] DEBUG - Add Header with BELNR : 17KA0000201594RF0000000006
2018-09-27 19:48:53,793 [5] DEBUG - Update StaSend of SalVatHD with FTXihDocNo : RF0000000006
2018-09-27 19:48:53,795 [5] DEBUG - Send Request to : http://localhost:8080/Test
<<<======JsonREQ======>>>
{"SalesOrder":{"Header":{"ACTION":"CREATE","TRANSTYPE":"ZCDO","DLVRY_DATE":"20180802","TENDER":[{"TENDER_TYPE":"T001","AMOUNT":"4000.00","BONUSBUYID":""}],"NAME1":"?????? ?????????????? ?????","NAME2":"","NAME3":"","NAME4":"","STREET":"","CITY":"","POSTAL_CODE":"","LAND":"TH","TEL":"","FAX":"","DISTRICT":"","BELNR":"17KA0000201594RF0000000006","REF_BELNR":"","TEXT":[{"TDID":"ZADR","TDBODY":[]},{"TDID":"ZDLT","TDBODY":[{"TDLINE":""}]},{"TDID":"ZREM","TDBODY":[{"TDLINE":""},{"TDLINE":""}]},{"TDID":"ZMAP","TDBODY":[{"TDLINE":"Map00006.pdf"}]}],"Item":[{"POSEX":"10","QUANTITY":"1.00","UOM":"EA","SERIALNUMBER":"0982165133","SHIPPING_POINT":"","SELLING_PLANT":"17KA","PRICING":[{"TYPE":"RETAILPRICE","AMOUNT":"2000.00","CURRENCY":"THB","SIGN":"+","BONUSBUYID":""},{"TYPE":"VAT","AMOUNT":"258.41","CURRENCY":"THB","SIGN":"+","BONUSBUYID":""}],"EANCODE":"011008"},{"POSEX":"20","QUANTITY":"1.00","UOM":"EA","SERIALNUMBER":"0982165133","SHIPPING_POINT":"","SELLING_PLANT":"17KA","PRICING":[{"TYPE":"RETAILPRICE","AMOUNT":"2500.00","CURRENCY":"THB","SIGN":"+","BONUSBUYID":""},{"TYPE":"VAT","AMOUNT":"261.68","CURRENCY":"THB","SIGN":"+","BONUSBUYID":""}],"EANCODE":"011002"}]}}}
<<<======EndJsonREQ======>>>
2018-09-27 19:48:55,837 [5] ERROR - Unable to connect to the remote server
2018-09-27 19:48:55,847 [5] DEBUG - Add Header with BELNR : 17KA0000201595RF0000000007
2018-09-27 19:48:55,852 [5] DEBUG - Update StaSend of SalVatHD with FTXihDocNo : RF0000000007
2018-09-27 19:48:55,853 [5] DEBUG - Send Request to : http://localhost:8080/Test
<<<======JsonREQ======>>>
{"SalesOrder":{"Header":{"ACTION":"CREATE","TRANSTYPE":"ZCDO","DLVRY_DATE":"20180802","TENDER":[{"TENDER_TYPE":"T008","AMOUNT":"6000.00","BONUSBUYID":""}],"NAME1":"?????? ???????????? ?????","NAME2":"","NAME3":"","NAME4":"","STREET":"","CITY":"","POSTAL_CODE":"","LAND":"TH","TEL":"","FAX":"","DISTRICT":"","BELNR":"17KA0000201595RF0000000007","REF_BELNR":"","TEXT":[{"TDID":"ZADR","TDBODY":[]},{"TDID":"ZDLT","TDBODY":[{"TDLINE":""}]},{"TDID":"ZREM","TDBODY":[{"TDLINE":""},{"TDLINE":""}]},{"TDID":"ZMAP","TDBODY":[{"TDLINE":"Map00007.pdf"}]}],"Item":[{"POSEX":"10","QUANTITY":"1.00","UOM":"EA","SERIALNUMBER":"0982167233","SHIPPING_POINT":"","SELLING_PLANT":"17KA","PRICING":[{"TYPE":"RETAILPRICE","AMOUNT":"2000.00","CURRENCY":"THB","SIGN":"+","BONUSBUYID":""},{"TYPE":"VAT","AMOUNT":"392.52","CURRENCY":"THB","SIGN":"+","BONUSBUYID":""}],"EANCODE":"011003"},{"POSEX":"20","QUANTITY":"1.00","UOM":"EA","SERIALNUMBER":"0985467453","SHIPPING_POINT":"","SELLING_PLANT":"17KA","PRICING":[{"TYPE":"RETAILPRICE","AMOUNT":"3000.00","CURRENCY":"THB","SIGN":"+","BONUSBUYID":""},{"TYPE":"VAT","AMOUNT":"392.52","CURRENCY":"THB","SIGN":"+","BONUSBUYID":""}],"EANCODE":"011002"},{"POSEX":"30","QUANTITY":"1.00","UOM":"EA","SERIALNUMBER":"0982167723","SHIPPING_POINT":"","SELLING_PLANT":"17KA","PRICING":[{"TYPE":"RETAILPRICE","AMOUNT":"2000.00","CURRENCY":"THB","SIGN":"+","BONUSBUYID":""},{"TYPE":"VAT","AMOUNT":"389.25","CURRENCY":"THB","SIGN":"+","BONUSBUYID":""}],"EANCODE":"011008"}]}}}
<<<======EndJsonREQ======>>>
2018-09-27 19:48:57,891 [5] ERROR - Unable to connect to the remote server
2018-09-27 19:48:57,902 [5] DEBUG - Add Header with BELNR : 17KA0000201600RF0000000008
2018-09-27 19:48:57,905 [5] DEBUG - Update StaSend of SalVatHD with FTXihDocNo : RF0000000008
2018-09-27 19:48:57,907 [5] DEBUG - Send Request to : http://localhost:8080/Test
<<<======JsonREQ======>>>
{"SalesOrder":{"Header":{"ACTION":"CREATE","TRANSTYPE":"ZCDO","DLVRY_DATE":"20180802","TENDER":[{"TENDER_TYPE":"T008","AMOUNT":"2500.00","BONUSBUYID":""}],"NAME1":"?????? ???????????????? ?????","NAME2":"","NAME3":"","NAME4":"","STREET":"","CITY":"","POSTAL_CODE":"","LAND":"TH","TEL":"","FAX":"","DISTRICT":"","BELNR":"17KA0000201600RF0000000008","REF_BELNR":"","TEXT":[{"TDID":"ZADR","TDBODY":[]},{"TDID":"ZDLT","TDBODY":[{"TDLINE":""}]},{"TDID":"ZREM","TDBODY":[{"TDLINE":""},{"TDLINE":""}]},{"TDID":"ZMAP","TDBODY":[{"TDLINE":"Map00008.pdf"}]}],"Item":[{"POSEX":"10","QUANTITY":"1.00","UOM":"EA","SERIALNUMBER":"11","SHIPPING_POINT":"","SELLING_PLANT":"17KA","PRICING":[{"TYPE":"RETAILPRICE","AMOUNT":"3000.00","CURRENCY":"THB","SIGN":"+","BONUSBUYID":""},{"TYPE":"VAT","AMOUNT":"163.55","CURRENCY":"THB","SIGN":"+","BONUSBUYID":""}],"EANCODE":"011008"}]}}}
<<<======EndJsonREQ======>>>
2018-09-27 19:48:59,944 [5] ERROR - Unable to connect to the remote server
2018-09-27 19:49:00,050 [5] ERROR - Cross-thread operation not valid: Control 'ocbSelPlant' accessed from a thread other than the thread it was created on.
