2018-10-25 12:36:20,280 [1] ERROR - SP_READxSQL:A network-related or instance-specific error occurred while establishing a connection to SQL Server. The server was not found or was not accessible. Verify that the instance name is correct and that SQL Server is configured to allow remote connections. (provider: SQL Network Interfaces, error: 26 - Error Locating Server/Instance Specified)Query:SELECT DISTINCT TOP 5000 FTTmnNum, FTShdTransNo, FTXihDocType, FTXihDocNo , FDShdDepositDueDate AS DLVRY_DATE, FTXihCstName, FTXihCstAddr1 , FTXihCstAddr2 , FTXihCstTel AS TEL , FTXihCstFax AS FAX , FTShdPlantCode , FTShdPlantCode + FTTmnNum + FTShdTransNo + FTXihDocNo as BELNR , FTXihDepositDueTime, FTXihRemark , FTXihEquipment , FTRemark , FTStaSentOnOff , FTSRVName , FNShdDocPrint FROM [dbo].[TPSTSalVatHD] WHERE [FTXihDocType] = '17' 
2018-10-25 12:36:20,303 [1] ERROR - W_ReadSalDB:System.Data.SqlClient.SqlException (0x80131904): A network-related or instance-specific error occurred while establishing a connection to SQL Server. The server was not found or was not accessible. Verify that the instance name is correct and that SQL Server is configured to allow remote connections. (provider: SQL Network Interfaces, error: 26 - Error Locating Server/Instance Specified)
   at MSaleOrder.ST_Class.cSalVat.C_READxSalHD(String ptPlant, String ptSendSta, String ptFTXihDocNo, String ptServName) in C:\Users\Administrator\Downloads\[16][10][2018]\MSaleOrder\MSaleOrder\ST-Class\cSalVat.cs:line 98
   at MSaleOrder.wMSaleOrderMain.W_ReadSalDB() in C:\Users\Administrator\Downloads\[16][10][2018]\MSaleOrder\MSaleOrder\wMain.cs:line 234
ClientConnectionId:00000000-0000-0000-0000-000000000000
Error Number:-1,State:0,Class:20
2018-10-25 12:36:22,472 [1] ERROR - SP_READxSQL:A network-related or instance-specific error occurred while establishing a connection to SQL Server. The server was not found or was not accessible. Verify that the instance name is correct and that SQL Server is configured to allow remote connections. (provider: SQL Network Interfaces, error: 26 - Error Locating Server/Instance Specified)Query:SELECT DISTINCT TOP 5000 FTTmnNum, FTShdTransNo, FTXihDocType, FTXihDocNo , FDShdDepositDueDate AS DLVRY_DATE, FTXihCstName, FTXihCstAddr1 , FTXihCstAddr2 , FTXihCstTel AS TEL , FTXihCstFax AS FAX , FTShdPlantCode , FTShdPlantCode + FTTmnNum + FTShdTransNo + FTXihDocNo as BELNR , FTXihDepositDueTime, FTXihRemark , FTXihEquipment , FTRemark , FTStaSentOnOff , FTSRVName , FNShdDocPrint FROM [dbo].[TPSTSalVatHD] WHERE [FTXihDocType] = '17' 
2018-10-25 12:36:22,482 [1] ERROR - W_ReadSalDB:System.Data.SqlClient.SqlException (0x80131904): A network-related or instance-specific error occurred while establishing a connection to SQL Server. The server was not found or was not accessible. Verify that the instance name is correct and that SQL Server is configured to allow remote connections. (provider: SQL Network Interfaces, error: 26 - Error Locating Server/Instance Specified)
   at MSaleOrder.ST_Class.cSalVat.C_READxSalHD(String ptPlant, String ptSendSta, String ptFTXihDocNo, String ptServName) in C:\Users\Administrator\Downloads\[16][10][2018]\MSaleOrder\MSaleOrder\ST-Class\cSalVat.cs:line 98
   at MSaleOrder.wMSaleOrderMain.W_ReadSalDB() in C:\Users\Administrator\Downloads\[16][10][2018]\MSaleOrder\MSaleOrder\wMain.cs:line 234
ClientConnectionId:00000000-0000-0000-0000-000000000000
Error Number:-1,State:0,Class:20
2018-10-25 12:36:23,465 [1] ERROR - SP_READxSQL:A network-related or instance-specific error occurred while establishing a connection to SQL Server. The server was not found or was not accessible. Verify that the instance name is correct and that SQL Server is configured to allow remote connections. (provider: SQL Network Interfaces, error: 26 - Error Locating Server/Instance Specified)Query:SELECT DISTINCT TOP 5000 FTTmnNum, FTShdTransNo, FTXihDocType, FTXihDocNo , FDShdDepositDueDate AS DLVRY_DATE, FTXihCstName, FTXihCstAddr1 , FTXihCstAddr2 , FTXihCstTel AS TEL , FTXihCstFax AS FAX , FTShdPlantCode , FTShdPlantCode + FTTmnNum + FTShdTransNo + FTXihDocNo as BELNR , FTXihDepositDueTime, FTXihRemark , FTXihEquipment , FTRemark , FTStaSentOnOff , FTSRVName , FNShdDocPrint FROM [dbo].[TPSTSalVatHD] WHERE [FTXihDocType] = '17' 
2018-10-25 12:36:23,472 [1] ERROR - W_ReadSalDB:System.Data.SqlClient.SqlException (0x80131904): A network-related or instance-specific error occurred while establishing a connection to SQL Server. The server was not found or was not accessible. Verify that the instance name is correct and that SQL Server is configured to allow remote connections. (provider: SQL Network Interfaces, error: 26 - Error Locating Server/Instance Specified)
   at MSaleOrder.ST_Class.cSalVat.C_READxSalHD(String ptPlant, String ptSendSta, String ptFTXihDocNo, String ptServName) in C:\Users\Administrator\Downloads\[16][10][2018]\MSaleOrder\MSaleOrder\ST-Class\cSalVat.cs:line 98
   at MSaleOrder.wMSaleOrderMain.W_ReadSalDB() in C:\Users\Administrator\Downloads\[16][10][2018]\MSaleOrder\MSaleOrder\wMain.cs:line 234
ClientConnectionId:00000000-0000-0000-0000-000000000000
Error Number:-1,State:0,Class:20
2018-10-25 12:36:24,687 [1] ERROR - SP_READxSQL:A network-related or instance-specific error occurred while establishing a connection to SQL Server. The server was not found or was not accessible. Verify that the instance name is correct and that SQL Server is configured to allow remote connections. (provider: SQL Network Interfaces, error: 26 - Error Locating Server/Instance Specified)Query:SELECT DISTINCT TOP 5000 FTTmnNum, FTShdTransNo, FTXihDocType, FTXihDocNo , FDShdDepositDueDate AS DLVRY_DATE, FTXihCstName, FTXihCstAddr1 , FTXihCstAddr2 , FTXihCstTel AS TEL , FTXihCstFax AS FAX , FTShdPlantCode , FTShdPlantCode + FTTmnNum + FTShdTransNo + FTXihDocNo as BELNR , FTXihDepositDueTime, FTXihRemark , FTXihEquipment , FTRemark , FTStaSentOnOff , FTSRVName , FNShdDocPrint FROM [dbo].[TPSTSalVatHD] WHERE [FTXihDocType] = '17' 
2018-10-25 12:36:24,713 [1] ERROR - W_ReadSalDB:System.Data.SqlClient.SqlException (0x80131904): A network-related or instance-specific error occurred while establishing a connection to SQL Server. The server was not found or was not accessible. Verify that the instance name is correct and that SQL Server is configured to allow remote connections. (provider: SQL Network Interfaces, error: 26 - Error Locating Server/Instance Specified)
   at MSaleOrder.ST_Class.cSalVat.C_READxSalHD(String ptPlant, String ptSendSta, String ptFTXihDocNo, String ptServName) in C:\Users\Administrator\Downloads\[16][10][2018]\MSaleOrder\MSaleOrder\ST-Class\cSalVat.cs:line 98
   at MSaleOrder.wMSaleOrderMain.W_ReadSalDB() in C:\Users\Administrator\Downloads\[16][10][2018]\MSaleOrder\MSaleOrder\wMain.cs:line 234
ClientConnectionId:00000000-0000-0000-0000-000000000000
Error Number:-1,State:0,Class:20
